0 info it worked if it ends with ok
1 verbose cli [ '/usr/local/bin/node', '/usr/local/bin/npm', 'start' ]
<<<<<<< HEAD
2 info using npm@3.10.9
3 info using node@v4.4.2
4 verbose config Skipping project config: /Users/mikeharvey/.npmrc. (matches userconfig)
5 verbose stack Error: ENOENT: no such file or directory, open '/Users/mikeharvey/package.json'
5 verbose stack     at Error (native)
6 verbose cwd /Users/mikeharvey/projects/react-1
7 error Darwin 16.1.0
8 error argv "/usr/local/bin/node" "/usr/local/bin/npm" "start"
9 error node v4.4.2
10 error npm  v3.10.9
11 error path /Users/mikeharvey/package.json
12 error code ENOENT
13 error errno -2
14 error syscall open
15 error enoent ENOENT: no such file or directory, open '/Users/mikeharvey/package.json'
16 error enoent ENOENT: no such file or directory, open '/Users/mikeharvey/package.json'
16 error enoent This is most likely not a problem with npm itself
16 error enoent and is related to npm not being able to find a file.
17 verbose exit [ -2, true ]
=======
2 info using npm@2.15.8
3 info using node@v4.4.7
4 verbose stack Error: ENOENT: no such file or directory, open '/Users/michaelharvey/test-projects/react-personal-site/react-portfolio/package.json'
4 verbose stack     at Error (native)
5 verbose cwd /Users/michaelharvey/test-projects/react-personal-site/react-portfolio
6 error Darwin 16.0.0
7 error argv "/usr/local/bin/node" "/usr/local/bin/npm" "start"
8 error node v4.4.7
9 error npm  v2.15.8
10 error path /Users/michaelharvey/test-projects/react-personal-site/react-portfolio/package.json
11 error code ENOENT
12 error errno -2
13 error syscall open
14 error enoent ENOENT: no such file or directory, open '/Users/michaelharvey/test-projects/react-personal-site/react-portfolio/package.json'
14 error enoent This is most likely not a problem with npm itself
14 error enoent and is related to npm not being able to find a file.
15 verbose exit [ -2, true ]
>>>>>>> 3f8eeeccda1787c5821db487ee23f708eb3378fb
